<?xml version="1.0" encoding="UTF-8"?>
<!-- Generated by org.testng.reporters.JUnitXMLReporter -->
<testsuite ignored="0" hostname="LIN60017178" failures="0" tests="3" name="Default test" time="17.713" errors="0" timestamp="2023-04-11T11:01:38 IST">
  <testcase classname="TestNG.RunMultipleTestSuite1" name="verifyLogo" time="6.99"/>
  <testcase classname="TestNG.RunMultipleTestSuite1" name="verifyTitle" time="5.065"/>
  <testcase classname="TestNG.RunMultipleTestSuite2" name="verifyLogin" time="5.587"/>
</testsuite> <!-- Default test -->
