<?xml version="1.0" encoding="UTF-8"?>
<!-- Generated by org.testng.reporters.JUnitXMLReporter -->
<testsuite ignored="0" hostname="LIN60017178" failures="0" tests="3" name="Test" time="16.89" errors="0" timestamp="2023-04-11T11:11:17 IST">
  <testcase classname="TestNG.RunMultipleTestSuite1" name="verifyLogo" time="6.836"/>
  <testcase classname="TestNG.RunMultipleTestSuite1" name="verifyTitle" time="4.829"/>
  <testcase classname="TestNG.RunMultipleTestSuite2" name="verifyLogin" time="5.155"/>
</testsuite> <!-- Test -->
